# JRE version: Java(TM) SE Runtime Environment (9.0+11) (build 9.0.4+11)
# Java VM: Java HotSpot(TM) 64-Bit Server VM (9.0.4+11, mixed mode, tiered, compressed oops, serial gc, linux-amd64)
Heap:
 def new generation   total 25728K, used 4725K [0x00000000e0c00000, 0x00000000e27e0000, 0x00000000eb2a0000)
  eden space 22912K,  15% used [0x00000000e0c00000, 0x00000000e0f93b18, 0x00000000e2260000)
  from space 2816K,  37% used [0x00000000e2520000, 0x00000000e2629b90, 0x00000000e27e0000)
  to   space 2816K,   0% used [0x00000000e2260000, 0x00000000e2260000, 0x00000000e2520000)
 tenured generation   total 56976K, used 48968K [0x00000000eb2a0000, 0x00000000eea44000, 0x0000000100000000)
   the space 56976K,  85% used [0x00000000eb2a0000, 0x00000000ee2723f8, 0x00000000ee272400, 0x00000000eea44000)
 Metaspace       used 50972K, capacity 52600K, committed 52864K, reserved 1097728K
  class space    used 5025K, capacity 5389K, committed 5504K, reserved 1048576K
GC Heap History (10 events):
Event: 20,324 GC heap before
{Heap before GC invocations=92 (full 3):
 def new generation   total 25728K, used 23985K [0x00000000e0c00000, 0x00000000e27e0000, 0x00000000eb2a0000)
  eden space 22912K, 100% used [0x00000000e0c00000, 0x00000000e2260000, 0x00000000e2260000)
  from space 2816K,  38% used [0x00000000e2260000, 0x00000000e236c450, 0x00000000e2520000)
  to   space 2816K,   0% used [0x00000000e2520000, 0x00000000e2520000, 0x00000000e27e0000)
 tenured generation   total 56976K, used 48968K [0x00000000eb2a0000, 0x00000000eea44000, 0x0000000100000000)
   the space 56976K,  85% used [0x00000000eb2a0000, 0x00000000ee2723f8, 0x00000000ee272400, 0x00000000eea44000)
 Metaspace       used 50911K, capacity 52472K, committed 52608K, reserved 1095680K
  class space    used 5025K, capacity 5389K, committed 5504K, reserved 1048576K
}
Event: 20,332 GC heap after
{Heap after GC invocations=93 (full 3):
 def new generation   total 25728K, used 1084K [0x00000000e0c00000, 0x00000000e27e0000, 0x00000000eb2a0000)
  eden space 22912K,   0% used [0x00000000e0c00000, 0x00000000e0c00000, 0x00000000e2260000)
  from space 2816K,  38% used [0x00000000e2520000, 0x00000000e262f238, 0x00000000e27e0000)
  to   space 2816K,   0% used [0x00000000e2260000, 0x00000000e2260000, 0x00000000e2520000)
 tenured generation   total 56976K, used 48968K [0x00000000eb2a0000, 0x00000000eea44000, 0x0000000100000000)
   the space 56976K,  85% used [0x00000000eb2a0000, 0x00000000ee2723f8, 0x00000000ee272400, 0x00000000eea44000)
 Metaspace       used 50911K, capacity 52472K, committed 52608K, reserved 1095680K
  class space    used 5025K, capacity 5389K, committed 5504K, reserved 1048576K
}
Event: 20,556 GC heap before
{Heap before GC invocations=93 (full 3):
 def new generation   total 25728K, used 23996K [0x00000000e0c00000, 0x00000000e27e0000, 0x00000000eb2a0000)
  eden space 22912K, 100% used [0x00000000e0c00000, 0x00000000e2260000, 0x00000000e2260000)
  from space 2816K,  38% used [0x00000000e2520000, 0x00000000e262f238, 0x00000000e27e0000)
  to   space 2816K,   0% used [0x00000000e2260000, 0x00000000e2260000, 0x00000000e2520000)
 tenured generation   total 56976K, used 48968K [0x00000000eb2a0000, 0x00000000eea44000, 0x0000000100000000)
   the space 56976K,  85% used [0x00000000eb2a0000, 0x00000000ee2723f8, 0x00000000ee272400, 0x00000000eea44000)
 Metaspace       used 50920K, capacity 52472K, committed 52608K, reserved 1095680K
  class space    used 5025K, capacity 5389K, committed 5504K, reserved 1048576K
}
Event: 20,561 GC heap after
{Heap after GC invocations=94 (full 3):
 def new generation   total 25728K, used 1043K [0x00000000e0c00000, 0x00000000e27e0000, 0x00000000eb2a0000)
  eden space 22912K,   0% used [0x00000000e0c00000, 0x00000000e0c00000, 0x00000000e2260000)
  from space 2816K,  37% used [0x00000000e2260000, 0x00000000e2364f50, 0x00000000e2520000)
  to   space 2816K,   0% used [0x00000000e2520000, 0x00000000e2520000, 0x00000000e27e0000)
 tenured generation   total 56976K, used 48968K [0x00000000eb2a0000, 0x00000000eea44000, 0x0000000100000000)
   the space 56976K,  85% used [0x00000000eb2a0000, 0x00000000ee2723f8, 0x00000000ee272400, 0x00000000eea44000)
 Metaspace       used 50920K, capacity 52472K, committed 52608K, reserved 1095680K
  class space    used 5025K, capacity 5389K, committed 5504K, reserved 1048576K
}
Event: 20,842 GC heap before
{Heap before GC invocations=94 (full 3):
 def new generation   total 25728K, used 23955K [0x00000000e0c00000, 0x00000000e27e0000, 0x00000000eb2a0000)
  eden space 22912K, 100% used [0x00000000e0c00000, 0x00000000e2260000, 0x00000000e2260000)
  from space 2816K,  37% used [0x00000000e2260000, 0x00000000e2364f50, 0x00000000e2520000)
  to   space 2816K,   0% used [0x00000000e2520000, 0x00000000e2520000, 0x00000000e27e0000)
 tenured generation   total 56976K, used 48968K [0x00000000eb2a0000, 0x00000000eea44000, 0x0000000100000000)
   the space 56976K,  85% used [0x00000000eb2a0000, 0x00000000ee2723f8, 0x00000000ee272400, 0x00000000eea44000)
 Metaspace       used 50948K, capacity 52600K, committed 52864K, reserved 1097728K
  class space    used 5025K, capacity 5389K, committed 5504K, reserved 1048576K
}
Event: 20,846 GC heap after
{Heap after GC invocations=95 (full 3):
 def new generation   total 25728K, used 1094K [0x00000000e0c00000, 0x00000000e27e0000, 0x00000000eb2a0000)
  eden space 22912K,   0% used [0x00000000e0c00000, 0x00000000e0c00000, 0x00000000e2260000)
  from space 2816K,  38% used [0x00000000e2520000, 0x00000000e2631bd0, 0x00000000e27e0000)
  to   space 2816K,   0% used [0x00000000e2260000, 0x00000000e2260000, 0x00000000e2520000)
 tenured generation   total 56976K, used 48968K [0x00000000eb2a0000, 0x00000000eea44000, 0x0000000100000000)
   the space 56976K,  85% used [0x00000000eb2a0000, 0x00000000ee2723f8, 0x00000000ee272400, 0x00000000eea44000)
 Metaspace       used 50948K, capacity 52600K, committed 52864K, reserved 1097728K
  class space    used 5025K, capacity 5389K, committed 5504K, reserved 1048576K
}
Event: 21,036 GC heap before
{Heap before GC invocations=95 (full 3):
 def new generation   total 25728K, used 24006K [0x00000000e0c00000, 0x00000000e27e0000, 0x00000000eb2a0000)
  eden space 22912K, 100% used [0x00000000e0c00000, 0x00000000e2260000, 0x00000000e2260000)
  from space 2816K,  38% used [0x00000000e2520000, 0x00000000e2631bd0, 0x00000000e27e0000)
  to   space 2816K,   0% used [0x00000000e2260000, 0x00000000e2260000, 0x00000000e2520000)
 tenured generation   total 56976K, used 48968K [0x00000000eb2a0000, 0x00000000eea44000, 0x0000000100000000)
   the space 56976K,  85% used [0x00000000eb2a0000, 0x00000000ee2723f8, 0x00000000ee272400, 0x00000000eea44000)
 Metaspace       used 50948K, capacity 52600K, committed 52864K, reserved 1097728K
  class space    used 5025K, capacity 5389K, committed 5504K, reserved 1048576K
}
Event: 21,039 GC heap after
{Heap after GC invocations=96 (full 3):
 def new generation   total 25728K, used 1102K [0x00000000e0c00000, 0x00000000e27e0000, 0x00000000eb2a0000)
  eden space 22912K,   0% used [0x00000000e0c00000, 0x00000000e0c00000, 0x00000000e2260000)
  from space 2816K,  39% used [0x00000000e2260000, 0x00000000e2373a80, 0x00000000e2520000)
  to   space 2816K,   0% used [0x00000000e2520000, 0x00000000e2520000, 0x00000000e27e0000)
 tenured generation   total 56976K, used 48968K [0x00000000eb2a0000, 0x00000000eea44000, 0x0000000100000000)
   the space 56976K,  85% used [0x00000000eb2a0000, 0x00000000ee2723f8, 0x00000000ee272400, 0x00000000eea44000)
 Metaspace       used 50948K, capacity 52600K, committed 52864K, reserved 1097728K
  class space    used 5025K, capacity 5389K, committed 5504K, reserved 1048576K
}
Event: 21,192 GC heap before
{Heap before GC invocations=96 (full 3):
 def new generation   total 25728K, used 24014K [0x00000000e0c00000, 0x00000000e27e0000, 0x00000000eb2a0000)
  eden space 22912K, 100% used [0x00000000e0c00000, 0x00000000e2260000, 0x00000000e2260000)
  from space 2816K,  39% used [0x00000000e2260000, 0x00000000e2373a80, 0x00000000e2520000)
  to   space 2816K,   0% used [0x00000000e2520000, 0x00000000e2520000, 0x00000000e27e0000)
 tenured generation   total 56976K, used 48968K [0x00000000eb2a0000, 0x00000000eea44000, 0x0000000100000000)
   the space 56976K,  85% used [0x00000000eb2a0000, 0x00000000ee2723f8, 0x00000000ee272400, 0x00000000eea44000)
 Metaspace       used 50961K, capacity 52600K, committed 52864K, reserved 1097728K
  class space    used 5025K, capacity 5389K, committed 5504K, reserved 1048576K
}
Event: 21,196 GC heap after
{Heap after GC invocations=97 (full 3):
 def new generation   total 25728K, used 1062K [0x00000000e0c00000, 0x00000000e27e0000, 0x00000000eb2a0000)
  eden space 22912K,   0% used [0x00000000e0c00000, 0x00000000e0c00000, 0x00000000e2260000)
  from space 2816K,  37% used [0x00000000e2520000, 0x00000000e2629b90, 0x00000000e27e0000)
  to   space 2816K,   0% used [0x00000000e2260000, 0x00000000e2260000, 0x00000000e2520000)
 tenured generation   total 56976K, used 48968K [0x00000000eb2a0000, 0x00000000eea44000, 0x0000000100000000)
   the space 56976K,  85% used [0x00000000eb2a0000, 0x00000000ee2723f8, 0x00000000ee272400, 0x00000000eea44000)
 Metaspace       used 50961K, capacity 52600K, committed 52864K, reserved 1097728K
  class space    used 5025K, capacity 5389K, committed 5504K, reserved 1048576K
}

