# JRE version: Java(TM) SE Runtime Environment (9.0+11) (build 9.0.4+11)
# Java VM: Java HotSpot(TM) 64-Bit Server VM (9.0.4+11, mixed mode, tiered, compressed oops, serial gc, linux-amd64)
Heap:
 def new generation   total 25728K, used 14837K [0x00000000e0c00000, 0x00000000e27e0000, 0x00000000eb2a0000)
  eden space 22912K,  60% used [0x00000000e0c00000, 0x00000000e1971988, 0x00000000e2260000)
  from space 2816K,  38% used [0x00000000e2520000, 0x00000000e262bab0, 0x00000000e27e0000)
  to   space 2816K,   0% used [0x00000000e2260000, 0x00000000e2260000, 0x00000000e2520000)
 tenured generation   total 56944K, used 49194K [0x00000000eb2a0000, 0x00000000eea3c000, 0x0000000100000000)
   the space 56944K,  86% used [0x00000000eb2a0000, 0x00000000ee2aaa20, 0x00000000ee2aac00, 0x00000000eea3c000)
 Metaspace       used 50985K, capacity 52600K, committed 52864K, reserved 1097728K
  class space    used 5027K, capacity 5389K, committed 5504K, reserved 1048576K
GC Heap History (10 events):
Event: 21,241 GC heap before
{Heap before GC invocations=92 (full 3):
 def new generation   total 25728K, used 23992K [0x00000000e0c00000, 0x00000000e27e0000, 0x00000000eb2a0000)
  eden space 22912K, 100% used [0x00000000e0c00000, 0x00000000e2260000, 0x00000000e2260000)
  from space 2816K,  38% used [0x00000000e2260000, 0x00000000e236e2d8, 0x00000000e2520000)
  to   space 2816K,   0% used [0x00000000e2520000, 0x00000000e2520000, 0x00000000e27e0000)
 tenured generation   total 56944K, used 49194K [0x00000000eb2a0000, 0x00000000eea3c000, 0x0000000100000000)
   the space 56944K,  86% used [0x00000000eb2a0000, 0x00000000ee2aaa20, 0x00000000ee2aac00, 0x00000000eea3c000)
 Metaspace       used 50916K, capacity 52536K, committed 52864K, reserved 1097728K
  class space    used 5027K, capacity 5389K, committed 5504K, reserved 1048576K
}
Event: 21,245 GC heap after
{Heap after GC invocations=93 (full 3):
 def new generation   total 25728K, used 1093K [0x00000000e0c00000, 0x00000000e27e0000, 0x00000000eb2a0000)
  eden space 22912K,   0% used [0x00000000e0c00000, 0x00000000e0c00000, 0x00000000e2260000)
  from space 2816K,  38% used [0x00000000e2520000, 0x00000000e2631570, 0x00000000e27e0000)
  to   space 2816K,   0% used [0x00000000e2260000, 0x00000000e2260000, 0x00000000e2520000)
 tenured generation   total 56944K, used 49194K [0x00000000eb2a0000, 0x00000000eea3c000, 0x0000000100000000)
   the space 56944K,  86% used [0x00000000eb2a0000, 0x00000000ee2aaa20, 0x00000000ee2aac00, 0x00000000eea3c000)
 Metaspace       used 50916K, capacity 52536K, committed 52864K, reserved 1097728K
  class space    used 5027K, capacity 5389K, committed 5504K, reserved 1048576K
}
Event: 21,480 GC heap before
{Heap before GC invocations=93 (full 3):
 def new generation   total 25728K, used 24005K [0x00000000e0c00000, 0x00000000e27e0000, 0x00000000eb2a0000)
  eden space 22912K, 100% used [0x00000000e0c00000, 0x00000000e2260000, 0x00000000e2260000)
  from space 2816K,  38% used [0x00000000e2520000, 0x00000000e2631570, 0x00000000e27e0000)
  to   space 2816K,   0% used [0x00000000e2260000, 0x00000000e2260000, 0x00000000e2520000)
 tenured generation   total 56944K, used 49194K [0x00000000eb2a0000, 0x00000000eea3c000, 0x0000000100000000)
   the space 56944K,  86% used [0x00000000eb2a0000, 0x00000000ee2aaa20, 0x00000000ee2aac00, 0x00000000eea3c000)
 Metaspace       used 50935K, capacity 52536K, committed 52864K, reserved 1097728K
  class space    used 5027K, capacity 5389K, committed 5504K, reserved 1048576K
}
Event: 21,492 GC heap after
{Heap after GC invocations=94 (full 3):
 def new generation   total 25728K, used 1054K [0x00000000e0c00000, 0x00000000e27e0000, 0x00000000eb2a0000)
  eden space 22912K,   0% used [0x00000000e0c00000, 0x00000000e0c00000, 0x00000000e2260000)
  from space 2816K,  37% used [0x00000000e2260000, 0x00000000e2367a50, 0x00000000e2520000)
  to   space 2816K,   0% used [0x00000000e2520000, 0x00000000e2520000, 0x00000000e27e0000)
 tenured generation   total 56944K, used 49194K [0x00000000eb2a0000, 0x00000000eea3c000, 0x0000000100000000)
   the space 56944K,  86% used [0x00000000eb2a0000, 0x00000000ee2aaa20, 0x00000000ee2aac00, 0x00000000eea3c000)
 Metaspace       used 50935K, capacity 52536K, committed 52864K, reserved 1097728K
  class space    used 5027K, capacity 5389K, committed 5504K, reserved 1048576K
}
Event: 21,751 GC heap before
{Heap before GC invocations=94 (full 3):
 def new generation   total 25728K, used 23966K [0x00000000e0c00000, 0x00000000e27e0000, 0x00000000eb2a0000)
  eden space 22912K, 100% used [0x00000000e0c00000, 0x00000000e2260000, 0x00000000e2260000)
  from space 2816K,  37% used [0x00000000e2260000, 0x00000000e2367a50, 0x00000000e2520000)
  to   space 2816K,   0% used [0x00000000e2520000, 0x00000000e2520000, 0x00000000e27e0000)
 tenured generation   total 56944K, used 49194K [0x00000000eb2a0000, 0x00000000eea3c000, 0x0000000100000000)
   the space 56944K,  86% used [0x00000000eb2a0000, 0x00000000ee2aaa20, 0x00000000ee2aac00, 0x00000000eea3c000)
 Metaspace       used 50946K, capacity 52536K, committed 52864K, reserved 1097728K
  class space    used 5027K, capacity 5389K, committed 5504K, reserved 1048576K
}
Event: 21,756 GC heap after
{Heap after GC invocations=95 (full 3):
 def new generation   total 25728K, used 1098K [0x00000000e0c00000, 0x00000000e27e0000, 0x00000000eb2a0000)
  eden space 22912K,   0% used [0x00000000e0c00000, 0x00000000e0c00000, 0x00000000e2260000)
  from space 2816K,  39% used [0x00000000e2520000, 0x00000000e2632958, 0x00000000e27e0000)
  to   space 2816K,   0% used [0x00000000e2260000, 0x00000000e2260000, 0x00000000e2520000)
 tenured generation   total 56944K, used 49194K [0x00000000eb2a0000, 0x00000000eea3c000, 0x0000000100000000)
   the space 56944K,  86% used [0x00000000eb2a0000, 0x00000000ee2aaa20, 0x00000000ee2aac00, 0x00000000eea3c000)
 Metaspace       used 50946K, capacity 52536K, committed 52864K, reserved 1097728K
  class space    used 5027K, capacity 5389K, committed 5504K, reserved 1048576K
}
Event: 21,971 GC heap before
{Heap before GC invocations=95 (full 3):
 def new generation   total 25728K, used 24010K [0x00000000e0c00000, 0x00000000e27e0000, 0x00000000eb2a0000)
  eden space 22912K, 100% used [0x00000000e0c00000, 0x00000000e2260000, 0x00000000e2260000)
  from space 2816K,  39% used [0x00000000e2520000, 0x00000000e2632958, 0x00000000e27e0000)
  to   space 2816K,   0% used [0x00000000e2260000, 0x00000000e2260000, 0x00000000e2520000)
 tenured generation   total 56944K, used 49194K [0x00000000eb2a0000, 0x00000000eea3c000, 0x0000000100000000)
   the space 56944K,  86% used [0x00000000eb2a0000, 0x00000000ee2aaa20, 0x00000000ee2aac00, 0x00000000eea3c000)
 Metaspace       used 50957K, capacity 52600K, committed 52864K, reserved 1097728K
  class space    used 5027K, capacity 5389K, committed 5504K, reserved 1048576K
}
Event: 21,977 GC heap after
{Heap after GC invocations=96 (full 3):
 def new generation   total 25728K, used 1110K [0x00000000e0c00000, 0x00000000e27e0000, 0x00000000eb2a0000)
  eden space 22912K,   0% used [0x00000000e0c00000, 0x00000000e0c00000, 0x00000000e2260000)
  from space 2816K,  39% used [0x00000000e2260000, 0x00000000e2375ba0, 0x00000000e2520000)
  to   space 2816K,   0% used [0x00000000e2520000, 0x00000000e2520000, 0x00000000e27e0000)
 tenured generation   total 56944K, used 49194K [0x00000000eb2a0000, 0x00000000eea3c000, 0x0000000100000000)
   the space 56944K,  86% used [0x00000000eb2a0000, 0x00000000ee2aaa20, 0x00000000ee2aac00, 0x00000000eea3c000)
 Metaspace       used 50957K, capacity 52600K, committed 52864K, reserved 1097728K
  class space    used 5027K, capacity 5389K, committed 5504K, reserved 1048576K
}
Event: 22,138 GC heap before
{Heap before GC invocations=96 (full 3):
 def new generation   total 25728K, used 24022K [0x00000000e0c00000, 0x00000000e27e0000, 0x00000000eb2a0000)
  eden space 22912K, 100% used [0x00000000e0c00000, 0x00000000e2260000, 0x00000000e2260000)
  from space 2816K,  39% used [0x00000000e2260000, 0x00000000e2375ba0, 0x00000000e2520000)
  to   space 2816K,   0% used [0x00000000e2520000, 0x00000000e2520000, 0x00000000e27e0000)
 tenured generation   total 56944K, used 49194K [0x00000000eb2a0000, 0x00000000eea3c000, 0x0000000100000000)
   the space 56944K,  86% used [0x00000000eb2a0000, 0x00000000ee2aaa20, 0x00000000ee2aac00, 0x00000000eea3c000)
 Metaspace       used 50965K, capacity 52600K, committed 52864K, reserved 1097728K
  class space    used 5027K, capacity 5389K, committed 5504K, reserved 1048576K
}
Event: 22,142 GC heap after
{Heap after GC invocations=97 (full 3):
 def new generation   total 25728K, used 1070K [0x00000000e0c00000, 0x00000000e27e0000, 0x00000000eb2a0000)
  eden space 22912K,   0% used [0x00000000e0c00000, 0x00000000e0c00000, 0x00000000e2260000)
  from space 2816K,  38% used [0x00000000e2520000, 0x00000000e262bab0, 0x00000000e27e0000)
  to   space 2816K,   0% used [0x00000000e2260000, 0x00000000e2260000, 0x00000000e2520000)
 tenured generation   total 56944K, used 49194K [0x00000000eb2a0000, 0x00000000eea3c000, 0x0000000100000000)
   the space 56944K,  86% used [0x00000000eb2a0000, 0x00000000ee2aaa20, 0x00000000ee2aac00, 0x00000000eea3c000)
 Metaspace       used 50965K, capacity 52600K, committed 52864K, reserved 1097728K
  class space    used 5027K, capacity 5389K, committed 5504K, reserved 1048576K
}

